Sequence		tRNA   	Bounds 	tRNA	Anti	Intron Bounds	Inf	HMM	2'Str	Isotype	Isotype	      
Name    	tRNA #	Begin  	End    	Type	Codon	Begin	End	Score	Score	Score	CM	Score	Note
--------	------	-----  	------ 	----	-----	-----	----	------	-----	-----	-------	-------	------
chr     	1	228220 	228296 	Ile	GAT	0	0	75.8	47.60	28.20	Ile	110.9	
chr     	2	228339 	228414 	Ala	TGC	0	0	78.1	53.10	25.00	Ala	115.6	
chr     	3	231855 	231931 	Asp	GTC	0	0	85.5	71.10	14.40	Asp	128.1	
chr     	4	239858 	239934 	Asp	GTC	0	0	85.5	71.10	14.40	Asp	128.1	
chr     	5	267366 	267441 	Thr	CGT	0	0	85.1	63.80	21.30	Thr	105.6	
chr     	6	533816 	533892 	Arg	TCT	0	0	86.6	61.20	25.40	Arg	103.5	
chr     	7	739215 	739290 	Lys	TTT	0	0	94.9	70.50	24.40	Lys	113.3	
chr     	8	739426 	739501 	Val	TAC	0	0	84.6	59.00	25.60	Val	110.9	
chr     	9	739504 	739579 	Lys	TTT	0	0	94.9	70.50	24.40	Lys	113.3	
chr     	10	739631 	739706 	Val	TAC	0	0	84.6	59.00	25.60	Val	110.9	
chr     	11	739710 	739785 	Lys	TTT	0	0	94.9	70.50	24.40	Lys	113.3	
chr     	12	739932 	740007 	Lys	TTT	0	0	94.9	70.50	24.40	Lys	113.3	
chr     	13	740140 	740215 	Lys	TTT	0	0	94.9	70.50	24.40	Lys	113.3	
chr     	14	1691704	1691780	Val	GAC	0	0	82.5	53.40	29.10	Val	101.9	
chr     	15	1691785	1691861	Val	GAC	0	0	85.9	59.60	26.30	Val	104.4	
chr     	16	1949696	1949771	Asn	GTT	0	0	79.7	48.60	31.10	Asn	115.2	
chr     	17	1964999	1965074	Asn	GTT	0	0	79.7	48.60	31.10	Asn	115.2	
chr     	18	1967408	1967483	Asn	GTT	0	0	79.7	48.60	31.10	Asn	115.2	
chr     	19	2181060	2181136	Pro	GGG	0	0	67.3	40.60	26.70	Pro	110.3	
chr     	20	2354412	2354486	Arg	CCT	0	0	62.5	30.50	32.00	Arg	77.7	
chr     	21	2397468	2397543	Val	TAC	0	0	84.6	59.00	25.60	Val	110.9	
chr     	22	2397588	2397663	Val	TAC	0	0	84.6	59.00	25.60	Val	110.9	
chr     	23	2397710	2397785	Val	TAC	0	0	84.6	59.00	25.60	Val	110.9	
chr     	24	2397790	2397865	Lys	TTT	0	0	94.9	70.50	24.40	Lys	113.3	
chr     	25	2622261	2622357	Ser	AGA	0	0	30.3	22.00	8.30	Ile2	28.4	IPD:-16.00,trunc_start:6
chr     	26	2785667	2785743	fMet	CAT	0	0	77.5	50.60	26.90	fMet	129.5	
chr     	27	2785777	2785853	fMet	CAT	0	0	77.5	50.60	26.90	fMet	129.5	
chr     	28	2785887	2785963	fMet	CAT	0	0	77.5	50.60	26.90	fMet	129.5	
chr     	29	2941128	2941203	Phe	GAA	0	0	75.3	45.80	29.50	Phe	104.8	
chr     	30	3081680	3081755	Ile2	CAT	0	0	85.1	56.20	28.90	Ile2	111.7	
chr     	31	3703699	3703793	SeC	TCA	0	0	142.5	0.00	0.00	SeC	142.5	
chr     	32	3833682	3833757	Glu	TTC	0	0	66.6	35.80	30.80	Glu	105.4	
chr     	33	3837112	3837188	Asp	GTC	0	0	85.5	71.10	14.40	Asp	128.1	
chr     	34	3837197	3837272	Trp	CCA	0	0	79.9	61.00	18.90	Trp	98.7	
chr     	35	3872615	3872691	Arg	CCG	0	0	82.2	62.70	19.50	Arg	104.0	
chr     	36	3872750	3872825	His	GTG	0	0	78.7	53.40	25.30	His	106.7	
chr     	37	3872846	3872932	Leu	CAG	0	0	67.1	42.20	24.90	Leu	109.1	
chr     	38	3872975	3873051	Pro	TGG	0	0	82.4	54.50	27.90	Pro	115.0	
chr     	39	3943954	3944030	Ile	GAT	0	0	75.8	47.60	28.20	Ile	110.9	
chr     	40	3944073	3944148	Ala	TGC	0	0	78.1	53.10	25.00	Ala	115.6	
chr     	41	4076587	4076662	Glu	TTC	0	0	66.6	35.80	30.80	Glu	105.4	
chr     	42	4083439	4083514	Thr	TGT	0	0	81.3	59.30	22.00	Thr	106.1	
chr     	43	4083523	4083607	Tyr	GTA	0	0	73.0	42.20	30.80	Tyr	118.5	
chr     	44	4083724	4083798	Gly	TCC	0	0	70.6	42.90	27.70	Gly	86.6	
chr     	45	4083805	4083880	Thr	GGT	0	0	84.7	50.10	34.60	Thr	103.0	
chr     	46	4117801	4117876	Glu	TTC	0	0	66.6	35.80	30.80	Glu	105.4	
chr     	47	4298880	4298955	Gly	GCC	0	0	88.4	61.80	26.60	Gly	113.7	
chr     	48	4298992	4299067	Gly	GCC	0	0	88.4	61.80	26.60	Gly	113.7	
chr     	49	4299103	4299178	Gly	GCC	0	0	88.4	61.80	26.60	Gly	113.7	
chr     	50	4407998	4408082	Leu	CAA	0	0	79.3	46.00	33.30	Leu	110.3	
chr     	51	4524776	4524690	Leu	CAG	0	0	67.1	42.20	24.90	Leu	109.1	
chr     	52	4524661	4524575	Leu	CAG	0	0	65.0	42.50	22.50	Leu	106.8	
chr     	53	4524540	4524454	Leu	CAG	0	0	67.1	42.20	24.90	Leu	109.1	
chr     	54	4269712	4269637	Phe	GAA	0	0	75.3	45.80	29.50	Phe	104.8	
chr     	55	3570846	3570770	Pro	CGG	0	0	76.0	43.90	32.10	Pro	109.5	
chr     	56	3288322	3288246	Ile	GAT	0	0	75.8	47.60	28.20	Ile	110.9	
chr     	57	3288203	3288128	Ala	TGC	0	0	78.1	53.10	25.00	Ala	115.6	
chr     	58	3284812	3284737	Thr	GGT	0	0	79.8	42.80	37.00	Thr	99.7	
chr     	59	3190657	3190571	Leu	GAG	0	0	64.5	38.70	25.80	Leu	103.6	
chr     	60	3186788	3186712	fMet	CAT	0	0	77.5	50.60	26.90	fMet	129.5	
chr     	61	2829919	2829846	Gly	CCC	0	0	81.1	54.70	26.40	Gly	100.5	
chr     	62	2658611	2658519	Ser	GCT	0	0	83.4	46.30	37.10	Ser	109.5	
chr     	63	2658515	2658439	Arg	ACG	0	0	85.1	59.80	25.30	Arg	100.6	
chr     	64	2658240	2658164	Arg	ACG	0	0	85.1	59.80	25.30	Arg	100.6	
chr     	65	2658101	2658025	Arg	ACG	0	0	85.1	59.80	25.30	Arg	100.6	
chr     	66	2657826	2657750	Arg	ACG	0	0	85.1	59.80	25.30	Arg	100.6	
chr     	67	2596044	2595969	Glu	TTC	0	0	66.6	35.80	30.80	Glu	105.4	
chr     	68	2394768	2394693	Ala	GGC	0	0	75.0	52.50	22.50	Ala	114.0	
chr     	69	2394653	2394578	Ala	GGC	0	0	75.0	52.50	22.50	Ala	114.0	
chr     	70	1963250	1963175	Asn	GTT	0	0	79.7	48.60	31.10	Asn	115.2	
chr     	71	1948704	1948615	Ser	CGA	0	0	90.4	54.50	35.90	Ser	122.4	
chr     	72	1937258	1937183	Gly	GCC	0	0	88.4	61.80	26.60	Gly	113.7	
chr     	73	1937129	1937056	Cys	GCA	0	0	63.0	27.10	35.90	Cys	86.2	
chr     	74	1937043	1936957	Leu	TAA	0	0	71.7	41.40	30.30	Leu	101.8	
chr     	75	1275414	1275330	Tyr	GTA	0	0	72.2	43.00	29.20	Tyr	119.1	
chr     	76	1275120	1275036	Tyr	GTA	0	0	72.2	43.00	29.20	Tyr	119.1	
chr     	77	1100218	1100131	Ser	GGA	0	0	76.9	38.30	38.60	Ser	117.0	
chr     	78	1036801	1036714	Ser	TGA	0	0	83.5	47.20	36.30	Ser	103.3	
chr     	79	931028 	930941 	Ser	GGA	0	0	76.9	38.30	38.60	Ser	117.0	
chr     	80	657006 	656930 	Met	CAT	0	0	84.4	63.20	21.20	Met	111.6	
chr     	81	656921 	656837 	Leu	TAG	0	0	74.1	46.80	27.30	Leu	115.3	
chr     	82	656813 	656739 	Gln	TTG	0	0	70.4	38.40	32.00	Gln	101.4	
chr     	83	656704 	656630 	Gln	TTG	0	0	70.4	38.40	32.00	Gln	101.4	
chr     	84	656614 	656538 	Met	CAT	0	0	84.4	63.20	21.20	Met	111.6	
chr     	85	656490 	656416 	Gln	CTG	0	0	70.8	39.90	30.90	Gln	100.0	
chr     	86	656378 	656304 	Gln	CTG	0	0	70.8	39.90	30.90	Gln	100.0	
